DiagnosticsPlugin.exe Information: 0 : [12/1/2015 6:59:01 PM] Starting DiagnosticPlugin.exe DiagnosticPlugin-ShutdownEvent DiagnosticPlugin-TotalShutdownEvent -wadVer1v4
DiagnosticsPlugin.exe Error: 0 : [12/1/2015 6:59:01 PM] Failed to save IIS Directory state
DiagnosticsPlugin.exe Error: 0 : [12/1/2015 6:59:01 PM] System.Runtime.InteropServices.COMException (0x80040154): Retrieving the COM class factory for component with CLSID {2B72133B-3F5B-4602-8952-803546CE3344} failed due to the following error: 80040154 Class not registered (Exception from HRESULT: 0x80040154 (REGDB_E_CLASSNOTREG)).
   at System.Runtime.Remoting.RemotingServices.AllocateUninitializedObject(RuntimeType objectType)
   at System.Runtime.Remoting.Activation.ActivationServices.CreateInstance(RuntimeType serverType)
   at System.Runtime.Remoting.Activation.ActivationServices.IsCurrentContextOK(RuntimeType serverType, Object[] props, Boolean bNewObj)
   at System.RuntimeTypeHandle.CreateInstance(RuntimeType type, Boolean publicOnly, Boolean noCheck, Boolean& canBeCached, RuntimeMethodHandleInternal& ctor, Boolean& bNeedSecurityCheck)
   at System.RuntimeType.CreateInstanceSlow(Boolean publicOnly, Boolean skipCheckThis, Boolean fillCache, StackCrawlMark& stackMark)
   at System.Activator.CreateInstance[T]()
   at Microsoft.Web.Administration.ConfigurationManager.CreateAdminManager[TClass,TInterface](WebConfigurationMap webConfigMap, Boolean isAdminConfig)
   at Microsoft.Web.Administration.ConfigurationManager.CreateConfiguration(WebConfigurationMap configMap, String configPathToEdit, Boolean isAdminConfig)
   at Microsoft.Web.Administration.ConfigurationManager.GetConfiguration(String rawConfigurationPath, String cacheKey, Boolean isAdminConfig)
   at Microsoft.Web.Administration.ServerManager.get_SitesSection()
   at Microsoft.Web.Administration.ServerManager.get_Sites()
   at Microsoft.Azure.Plugins.Plugin.DiagnosticsPluginManager.SaveIISDirectoryState()
DiagnosticsPlugin.exe Information: 0 : [12/1/2015 6:59:01 PM] Starting DiagnosticsPlugin
DiagnosticsPlugin.exe Information: 0 : [12/1/2015 6:59:01 PM] Emulator config file set to C:\Users\Nikita\Desktop\UW_Classes\CSS490_Fall_2015\Assigment03\Cloud-Computing-CSS490FALL\PaaS_Cloud_Service\PaaS_Cloud_Service\csx\Debug\roles\MoviesWebApp\approot\diagnostics.wadcfgx
DiagnosticsPlugin.exe Information: 0 : [12/1/2015 6:59:01 PM] DiagnosticsStoreRootPath set to: C:\Users\Nikita\AppData\Local\dftmp\Resources\e5811a55-e107-4d22-a9f3-610f037f8c28
DiagnosticsPlugin.exe Information: 0 : [12/1/2015 6:59:01 PM] Loading config file: C:\Users\Nikita\Desktop\UW_Classes\CSS490_Fall_2015\Assigment03\Cloud-Computing-CSS490FALL\PaaS_Cloud_Service\PaaS_Cloud_Service\csx\Debug\roles\MoviesWebApp\approot\diagnostics.wadcfgx
DiagnosticsPlugin.exe Information: 0 : [12/1/2015 6:59:01 PM] Checking VM Type
DiagnosticsPlugin.exe Information: 0 : [12/1/2015 6:59:01 PM] Emulator config file set to C:\Users\Nikita\Desktop\UW_Classes\CSS490_Fall_2015\Assigment03\Cloud-Computing-CSS490FALL\PaaS_Cloud_Service\PaaS_Cloud_Service\csx\Debug\roles\MoviesWebApp\approot\diagnostics.wadcfgx
DiagnosticsPlugin.exe Information: 0 : [12/1/2015 6:59:01 PM] Extension set to Emulator Mode
DiagnosticsPlugin.exe Information: 0 : [12/1/2015 6:59:01 PM] Reading XML configuration file
DiagnosticsPlugin.exe Information: 0 : [12/1/2015 6:59:01 PM] Bypassing private config decryption
DiagnosticsPlugin.exe Information: 0 : [12/1/2015 6:59:01 PM] WadCfg is provided in initial configuration. Using that to initialize Diagnostics.
DiagnosticsPlugin.exe Information: 0 : [12/1/2015 6:59:01 PM] <PublicConfig xmlns="http://schemas.microsoft.com/ServiceHosting/2010/10/DiagnosticsConfiguration">
  <WadCfg>
    <DiagnosticMonitorConfiguration overallQuotaInMB="4096">
      <DiagnosticInfrastructureLogs scheduledTransferLogLevelFilter="Error" />
      <Logs scheduledTransferPeriod="PT1M" scheduledTransferLogLevelFilter="Error" />
      <Directories scheduledTransferPeriod="PT1M">
        <IISLogs containerName="wad-iis-logfiles" />
        <FailedRequestLogs containerName="wad-failedrequestlogs" />
      </Directories>
      <WindowsEventLog scheduledTransferPeriod="PT1M">
        <DataSource name="Application!*" />
      </WindowsEventLog>
      <CrashDumps containerName="wad-crashdumps" dumpType="Mini">
        <CrashDumpConfiguration processName="WaIISHost.exe" />
        <CrashDumpConfiguration processName="WaWorkerHost.exe" />
        <CrashDumpConfiguration processName="w3wp.exe" />
      </CrashDumps>
      <PerformanceCounters scheduledTransferPeriod="PT1M">
        <PerformanceCounterConfiguration counterSpecifier="\Memory\Available MBytes" sampleRate="PT3M" />
        <PerformanceCounterConfiguration counterSpecifier="\Web Service(_Total)\ISAPI Extension Requests/sec" sampleRate="PT3M" />
        <PerformanceCounterConfiguration counterSpecifier="\Web Service(_Total)\Bytes Total/Sec" sampleRate="PT3M" />
        <PerformanceCounterConfiguration counterSpecifier="\ASP.NET Applications(__Total__)\Requests/Sec" sampleRate="PT3M" />
        <PerformanceCounterConfiguration counterSpecifier="\ASP.NET Applications(__Total__)\Errors Total/Sec" sampleRate="PT3M" />
        <PerformanceCounterConfiguration counterSpecifier="\ASP.NET\Requests Queued" sampleRate="PT3M" />
        <PerformanceCounterConfiguration counterSpecifier="\ASP.NET\Requests Rejected" sampleRate="PT3M" />
        <PerformanceCounterConfiguration counterSpecifier="\Processor(_Total)\% Processor Time" sampleRate="PT3M" />
      </PerformanceCounters>
    </DiagnosticMonitorConfiguration>
  </WadCfg>
  <StorageAccount>assignment03</StorageAccount>
</PublicConfig>
DiagnosticsPlugin.exe Information: 0 : [12/1/2015 6:59:01 PM] Private setting is loaded
DiagnosticsPlugin.exe Information: 0 : [12/1/2015 6:59:02 PM] Successfully created checkpoint file C:\Users\Nikita\AppData\Local\dftmp\Resources\e5811a55-e107-4d22-a9f3-610f037f8c28\WAD0104\Configuration\Checkpoint.txt
DiagnosticsPlugin.exe Information: 0 : [12/1/2015 6:59:02 PM] Will use local resource directory C:\Users\Nikita\AppData\Local\dftmp\Resources\e5811a55-e107-4d22-a9f3-610f037f8c28\WAD0104
DiagnosticsPlugin.exe Information: 0 : [12/1/2015 6:59:02 PM] Will use endpoint https://core.windows.net for storage.
DiagnosticsPlugin.exe Error: 0 : [12/1/2015 6:59:03 PM] Exception in creating the ServerManager; is IIS installed?
 Error:System.Runtime.InteropServices.COMException (0x80040154): Retrieving the COM class factory for component with CLSID {2B72133B-3F5B-4602-8952-803546CE3344} failed due to the following error: 80040154 Class not registered (Exception from HRESULT: 0x80040154 (REGDB_E_CLASSNOTREG)).
   at System.Runtime.Remoting.RemotingServices.AllocateUninitializedObject(RuntimeType objectType)
   at System.Runtime.Remoting.Activation.ActivationServices.CreateInstance(RuntimeType serverType)
   at System.Runtime.Remoting.Activation.ActivationServices.IsCurrentContextOK(RuntimeType serverType, Object[] props, Boolean bNewObj)
   at System.RuntimeTypeHandle.CreateInstance(RuntimeType type, Boolean publicOnly, Boolean noCheck, Boolean& canBeCached, RuntimeMethodHandleInternal& ctor, Boolean& bNeedSecurityCheck)
   at System.RuntimeType.CreateInstanceSlow(Boolean publicOnly, Boolean skipCheckThis, Boolean fillCache, StackCrawlMark& stackMark)
   at System.Activator.CreateInstance[T]()
   at Microsoft.Web.Administration.ConfigurationManager.CreateAdminManager[TClass,TInterface](WebConfigurationMap webConfigMap, Boolean isAdminConfig)
   at Microsoft.Web.Administration.ConfigurationManager.CreateConfiguration(WebConfigurationMap configMap, String configPathToEdit, Boolean isAdminConfig)
   at Microsoft.Web.Administration.ConfigurationManager.GetConfiguration(String rawConfigurationPath, String cacheKey, Boolean isAdminConfig)
   at Microsoft.Web.Administration.ServerManager.get_SitesSection()
   at Microsoft.Web.Administration.ServerManager.get_Sites()
   at Microsoft.Azure.Plugins.Plugin.WadConfigProcessor.AddDirectories(EventsType mdsEvents, Directories wadDirectories)
DiagnosticsPlugin.exe Information: 0 : [12/1/2015 6:59:03 PM] Running in emulator mode, crash dumps not enabled
DiagnosticsPlugin.exe Information: 0 : [12/1/2015 7:00:03 PM] MonAgentHost.exe started
DiagnosticsPlugin.exe Information: 0 : [12/1/2015 7:00:03 PM] DiagnoticsPlugin started.
DiagnosticsPlugin.exe Information: 0 : [12/1/2015 7:00:03 PM] DiagnoticsPlugin now waiting on events "DiagnosticPlugin-ShutdownEvent", "DiagnosticPlugin-TotalShutdownEvent" or "DiagnosticPlugin-RestartEvent".
